<?xml version="1.0" encoding="UTF-8"?>
<!-- Generated by org.testng.reporters.JUnitReportReporter -->
<testsuite hostname="DESKTOP-346RFLV" failures="0" tests="1" name="pageObjectModelDemo.RegistrationTest" time="11.571" errors="0" timestamp="2021-12-13T12:06:14 EST" skipped="0">
  <testcase classname="pageObjectModelDemo.RegistrationTest" name="verifyRegistrationForm" time="11.571"/>
  <system-out/>
</testsuite> <!-- pageObjectModelDemo.RegistrationTest -->
