<?xml version="1.0" encoding="UTF-8"?>
<!-- Generated by org.testng.reporters.JUnitReportReporter -->
<testsuite hostname="DESKTOP-346RFLV" failures="0" tests="2" name="ui.LoginTest" time="0.021" errors="0" timestamp="2022-10-13T12:10:40 EDT" skipped="0">
  <testcase classname="ui.LoginTest" name="bTest1" time="0.004"/>
  <system-out/>
  <testcase classname="ui.LoginTest" name="aTest2" time="0.017"/>
  <system-out/>
</testsuite> <!-- ui.LoginTest -->
