<?xml version="1.0" encoding="UTF-8"?>
<!-- Generated by org.testng.reporters.JUnitReportReporter -->
<testsuite hostname="DESKTOP-346RFLV" failures="0" tests="3" name="screenshotDemo.ScreenshotTest" time="22.007" errors="0" timestamp="2022-10-06T12:31:41 EDT" skipped="0">
  <testcase classname="screenshotDemo.ScreenshotTest" name="screenshotOfaPage" time="6.193"/>
  <system-out/>
  <testcase classname="screenshotDemo.ScreenshotTest" name="screenshotOfaSectionInaPage" time="7.084"/>
  <system-out/>
  <testcase classname="screenshotDemo.ScreenshotTest" name="screenshotOfaElement" time="8.730"/>
  <system-out/>
</testsuite> <!-- screenshotDemo.ScreenshotTest -->
