<?xml version="1.0" encoding="UTF-8"?>
<!-- Generated by org.testng.reporters.JUnitReportReporter -->
<testsuite hostname="DESKTOP-346RFLV" failures="0" tests="4" name="ui.GroupsDemoTest2" time="0.025" errors="0" timestamp="2022-10-13T12:10:40 EDT" skipped="0">
  <testcase classname="ui.GroupsDemoTest2" name="cTest3" time="0.002"/>
  <system-out/>
  <testcase classname="ui.GroupsDemoTest2" name="dTest4" time="0.000"/>
  <system-out/>
  <testcase classname="ui.GroupsDemoTest2" name="aTest1" time="0.022"/>
  <system-out/>
  <testcase classname="ui.GroupsDemoTest2" name="bTest2" time="0.001"/>
  <system-out/>
</testsuite> <!-- ui.GroupsDemoTest2 -->
