<?xml version="1.0" encoding="UTF-8"?>
<!-- Generated by org.testng.reporters.JUnitReportReporter -->
<testsuite hostname="DESKTOP-346RFLV" failures="0" tests="1" name="ui.ListenerDemoTest" time="0.000" errors="0" timestamp="2021-11-30T12:21:03 EST" skipped="1">
  <testcase classname="ui.ListenerDemoTest" name="LaunchApp" time="0.000">
    <skipped/>
  </testcase> <!-- LaunchApp -->
  <system-out/>
</testsuite> <!-- ui.ListenerDemoTest -->
