<?xml version="1.0" encoding="UTF-8"?>
<!-- Generated by org.testng.reporters.JUnitReportReporter -->
<testsuite hostname="DESKTOP-346RFLV" failures="0" tests="12" name="ui.DataProviderDemoTest" time="0.100" errors="0" timestamp="2022-10-13T12:10:40 EDT" skipped="0">
  <testcase classname="ui.DataProviderDemoTest" name="test2" time="0.004"/>
  <system-out/>
  <testcase classname="ui.DataProviderDemoTest" name="test1" time="0.001"/>
  <system-out/>
  <testcase classname="ui.DataProviderDemoTest" name="test2" time="0.002"/>
  <system-out/>
  <testcase classname="ui.DataProviderDemoTest" name="test" time="0.050"/>
  <system-out/>
  <testcase classname="ui.DataProviderDemoTest" name="test1" time="0.003"/>
  <system-out/>
  <testcase classname="ui.DataProviderDemoTest" name="test2" time="0.015"/>
  <system-out/>
  <testcase classname="ui.DataProviderDemoTest" name="test" time="0.003"/>
  <system-out/>
  <testcase classname="ui.DataProviderDemoTest" name="test1" time="0.005"/>
  <system-out/>
  <testcase classname="ui.DataProviderDemoTest" name="test1" time="0.002"/>
  <system-out/>
  <testcase classname="ui.DataProviderDemoTest" name="test2" time="0.001"/>
  <system-out/>
  <testcase classname="ui.DataProviderDemoTest" name="test" time="0.012"/>
  <system-out/>
  <testcase classname="ui.DataProviderDemoTest" name="test" time="0.002"/>
  <system-out/>
</testsuite> <!-- ui.DataProviderDemoTest -->
