<?xml version="1.0" encoding="UTF-8"?>
<!-- Generated by org.testng.reporters.JUnitReportReporter -->
<testsuite hostname="DESKTOP-346RFLV" failures="0" tests="4" name="ui.DataProviderDemoTest2" time="29.085" errors="0" timestamp="2022-10-13T12:10:40 EDT" skipped="0">
  <testcase classname="ui.DataProviderDemoTest2" name="test" time="10.495"/>
  <system-out/>
  <testcase classname="ui.DataProviderDemoTest2" name="test" time="5.747"/>
  <system-out/>
  <testcase classname="ui.DataProviderDemoTest2" name="test" time="6.378"/>
  <system-out/>
  <testcase classname="ui.DataProviderDemoTest2" name="test" time="6.465"/>
  <system-out/>
</testsuite> <!-- ui.DataProviderDemoTest2 -->
