<?xml version="1.0" encoding="UTF-8"?>
<!-- Generated by org.testng.reporters.JUnitReportReporter -->
<testsuite hostname="DESKTOP-346RFLV" failures="0" tests="3" name="extentReportingDemoRevision.NoCommerceTest" time="20.369" errors="0" timestamp="2022-10-05T22:42:05 EDT" skipped="0">
  <testcase classname="extentReportingDemoRevision.NoCommerceTest" name="noCommerceLoginTest" time="5.592"/>
  <system-out/>
  <testcase classname="extentReportingDemoRevision.NoCommerceTest" name="noCommerceLogoTest" time="9.279"/>
  <system-out/>
  <testcase classname="extentReportingDemoRevision.NoCommerceTest" name="noCommerceTitleTest" time="5.498"/>
  <system-out/>
</testsuite> <!-- extentReportingDemoRevision.NoCommerceTest -->
