<?xml version="1.0" encoding="UTF-8"?>
<!-- Generated by org.testng.reporters.JUnitReportReporter -->
<testsuite hostname="DESKTOP-346RFLV" failures="0" tests="1" name="ui.VerifyTitleTest" time="7.280" errors="0" timestamp="2022-10-13T12:10:40 EDT" skipped="0">
  <testcase classname="ui.VerifyTitleTest" name="titleTest" time="7.280"/>
  <system-out/>
</testsuite> <!-- ui.VerifyTitleTest -->
